[2025-03-21 18:39:55,597: INFO: main: Stage Data Ingestion Started]
[2025-03-21 18:39:55,602: INFO: common: config\config.yaml file loaded successfully]
[2025-03-21 18:39:55,608: INFO: common: schema.yaml file loaded successfully]
[2025-03-21 18:39:55,610: INFO: common: params.yaml file loaded successfully]
[2025-03-21 18:39:58,431: INFO: data_ingestion: File downloaded successfully: artifacts/data_ingestion/data.zip]
[2025-03-21 18:39:58,432: INFO: data_ingestion: Download headers: 
{'Connection': 'close', 'Content-Length': '26176', 'Cache-Control': 'max-age=300', 'Content-Security-Policy': "default-src 'none'; style-src 'unsafe-inline'; sandbox", 'Content-Type': 'application/zip', 'ETag': '"f751ec0917e15a3dc07c3094a49fb99713109dd8a9f29150bb5d187ec17facdf"', 'Strict-Transport-Security': 'max-age=31536000', 'X-Content-Type-Options': 'nosniff', 'X-Frame-Options': 'deny', 'X-XSS-Protection': '1; mode=block', 'X-GitHub-Request-Id': '2B34:3CB8E3:4FE41:9A281:67DD6507', 'Accept-Ranges': 'bytes', 'Date': 'Fri, 21 Mar 2025 13:09:29 GMT', 'Via': '1.1 varnish', 'X-Served-By': 'cache-maa10230-MAA', 'X-Cache': 'MISS', 'X-Cache-Hits': '0', 'X-Timer': 'S1742562569.999355,VS0,VE373', 'Vary': 'Authorization,Accept-Encoding,Origin', 'Access-Control-Allow-Origin': '*', 'Cross-Origin-Resource-Policy': 'cross-origin', 'X-Fastly-Request-ID': 'aff998381e7500b773144bdd4e410ea69de4c745', 'Expires': 'Fri, 21 Mar 2025 13:14:29 GMT', 'Source-Age': '0'}]
[2025-03-21 18:39:58,432: INFO: data_ingestion: Extracting zip file to: artifacts/data_ingestion]
[2025-03-21 18:39:58,449: INFO: data_ingestion: Successfully extracted zip file: artifacts/data_ingestion/data.zip]
[2025-03-21 18:39:58,449: INFO: main: Stage Data Ingestion Completed]
[2025-03-21 18:39:58,449: INFO: main: Stage Data Validation Started]
[2025-03-21 18:39:58,454: INFO: common: config\config.yaml file loaded successfully]
[2025-03-21 18:39:58,457: INFO: common: schema.yaml file loaded successfully]
[2025-03-21 18:39:58,458: INFO: common: params.yaml file loaded successfully]
[2025-03-21 18:39:58,472: INFO: main: Stage Data Validation Completed]
[2025-03-21 18:39:58,472: INFO: main: Stage Data Transformation Started]
[2025-03-21 18:39:58,477: INFO: common: config\config.yaml file loaded successfully]
[2025-03-21 18:39:58,481: INFO: common: schema.yaml file loaded successfully]
[2025-03-21 18:39:58,482: INFO: common: params.yaml file loaded successfully]
[2025-03-21 18:39:58,522: INFO: data_transformation: Data is split into train and test]
[2025-03-21 18:39:58,523: INFO: data_transformation: Train shape: (1279, 12)]
[2025-03-21 18:39:58,523: INFO: data_transformation: Test shape: (320, 12)]
[2025-03-21 18:39:58,523: INFO: main: Stage Data Transformation Completed]
[2025-03-21 18:39:58,523: INFO: main: Stage Model Training Started]
[2025-03-21 18:39:58,527: INFO: common: config\config.yaml file loaded successfully]
[2025-03-21 18:39:58,529: INFO: common: schema.yaml file loaded successfully]
[2025-03-21 18:39:58,531: INFO: common: params.yaml file loaded successfully]
[2025-03-21 18:39:58,553: INFO: main: Stage Model Training Completed]
[2025-03-21 18:39:58,553: INFO: main: Stage Model Evaluation Started]
[2025-03-21 18:39:58,557: INFO: common: config\config.yaml file loaded successfully]
[2025-03-21 18:39:58,560: INFO: common: schema.yaml file loaded successfully]
[2025-03-21 18:39:58,561: INFO: common: params.yaml file loaded successfully]
[2025-03-21 18:39:58,573: INFO: model_evaluation: {'Root Mean Squared Error': np.float64(0.7394804538838093), 'Mean Absolute Error': 0.5727703073739112, 'R2 Score': 0.23234907068924981}]
[2025-03-21 18:39:58,574: INFO: common: json file saved at: artifacts\model_evaluation\metrics.json]
[2025-03-21 18:39:58,575: INFO: main: Stage Model Evaluation Completed]
